2021-11-09T21:31:34.330Z - info: [ui] [AppStore] loading 0 repositories from store
2021-11-09T21:31:34.481Z - info: [ui] [Welcome] no sign in step found. ignoring...
2021-11-09T21:31:34.581Z - info: [ui] [Welcome] no sign in step found. ignoring...
2021-11-09T21:31:34.621Z - info: [ui] [Welcome] no sign in step found. ignoring...
2021-11-09T21:31:34.757Z - info: [ui] Opt in reported.
2021-11-09T21:31:34.872Z - info: [ui] [Welcome] no sign in step found. ignoring...
2021-11-09T21:31:34.902Z - info: [ui] launching: 2.9.4-linux1 (Linux 5.14.16-zen1-1-zen)
2021-11-09T21:31:34.903Z - info: [ui] execPath: '/opt/github-desktop/github-desktop'
2021-11-09T21:31:34.955Z - info: [ui] [Welcome] no sign in step found. ignoring...
2021-11-09T21:31:41.140Z - info: [ui] [Welcome] advancing to step: SignInToDotComWithBrowser
2021-11-09T21:31:41.145Z - info: [ui] [SignInStore] initializing OAuth flow
2021-11-09T21:31:41.152Z - info: [main] opening in browser: https://github.com/login/oauth/authorize?client_id=3a723b10ac5575cc5bb9&scope=repo%20user%20workflow&state=2f41123a-3c5f-44e6-adc4-734c9af7a7f7
2021-11-09T21:31:41.154Z - info: [ui] [Welcome] current sign in state not found. ignoring...
2021-11-09T21:31:50.488Z - info: [ui] [Welcome] kind Authentication is the same as Authentication. ignoring...
2021-11-09T21:31:50.496Z - info: [ui] [Welcome] kind Authentication is the same as Authentication. ignoring...
2021-11-09T21:32:43.107Z - info: [main] Received possible protocol arguments: 2
2021-11-09T21:32:43.107Z - info: [main] Processing protocol url
2021-11-09T21:32:43.120Z - info: [ui] [Dispatcher] requesting authenticated user
2021-11-09T21:32:43.132Z - info: [ui] [Welcome] kind Authentication is the same as Authentication. ignoring...
2021-11-09T21:32:43.863Z - info: [ui] [SignInStore] account resolved
2021-11-09T21:32:43.864Z - info: [ui] [AppStore] adding account daetalys (Dætalys) to store
2021-11-09T21:32:43.872Z - info: [ui] [Welcome] advancing to step: ConfigureGit
2021-11-09T21:32:44.167Z - info: [ui] [Welcome] no sign in step found. ignoring...
2021-11-09T21:32:44.583Z - info: [ui] [Welcome] no sign in step found. ignoring...
2021-11-09T21:32:44.607Z - info: [ui] [Welcome] no sign in step found. ignoring...
2021-11-09T21:32:51.414Z - info: [ui] [Welcome] no sign in step found. ignoring...
2021-11-09T21:32:51.435Z - info: [ui] [Welcome] no sign in step found. ignoring...
2021-11-09T21:32:51.516Z - info: [ui] [Welcome] no sign in step found. ignoring...
2021-11-09T21:32:52.122Z - info: [ui] [Welcome] no sign in step found. ignoring...
2021-11-09T21:34:46.274Z - info: [ui] [AppStore] adding repository at /home/daetalys/Documents/GitHub/HDD to store
