{"level":30,"time":"2021-10-30T05:05:14.593Z","pid":9864,"hostname":"asterionus","msg":"x-attr dependency did not load successfully"}
{"level":30,"time":"2021-10-30T05:05:14.641Z","pid":9864,"hostname":"asterionus","msg":"preload complete"}
{"level":30,"time":"2021-10-30T05:05:14.647Z","pid":9864,"hostname":"asterionus","msg":"@signalapp/signal-client Initializing libsignal-client version:0.9.5 signal_node::logging rust/bridge/node/src/logging.rs:139"}
{"level":30,"time":"2021-10-30T05:05:15.113Z","pid":9864,"hostname":"asterionus","msg":"NotificationService initialized"}
{"level":30,"time":"2021-10-30T05:05:15.145Z","pid":9864,"hostname":"asterionus","msg":"initializeMessageCounter: picking max of db/stored counters"}
{"level":30,"time":"2021-10-30T05:05:15.145Z","pid":9864,"hostname":"asterionus","msg":"Our profile key service: initializing"}
{"level":30,"time":"2021-10-30T05:05:15.283Z","pid":9864,"hostname":"asterionus","msg":"background page reloaded"}
{"level":30,"time":"2021-10-30T05:05:15.283Z","pid":9864,"hostname":"asterionus","msg":"environment: production"}
{"level":30,"time":"2021-10-30T05:05:15.656Z","pid":9864,"hostname":"asterionus","msg":"Checking for the existence of IndexedDB data..."}
{"level":30,"time":"2021-10-30T05:05:16.572Z","pid":9864,"hostname":"asterionus","msg":"Storage fetch"}
{"level":30,"time":"2021-10-30T05:05:16.581Z","pid":9864,"hostname":"asterionus","msg":"SocketManager: connecting authenticated socket"}
{"level":30,"time":"2021-10-30T05:05:16.599Z","pid":9864,"hostname":"asterionus","msg":"normal message send job queue: starting to stream jobs"}
{"level":30,"time":"2021-10-30T05:05:16.599Z","pid":9864,"hostname":"asterionus","msg":"JobQueueDatabaseStore fetching existing jobs for queue \"normal message send\""}
{"level":30,"time":"2021-10-30T05:05:16.601Z","pid":9864,"hostname":"asterionus","msg":"read sync job queue: starting to stream jobs"}
{"level":30,"time":"2021-10-30T05:05:16.601Z","pid":9864,"hostname":"asterionus","msg":"JobQueueDatabaseStore fetching existing jobs for queue \"read sync\""}
{"level":30,"time":"2021-10-30T05:05:16.602Z","pid":9864,"hostname":"asterionus","msg":"remove storage key job queue: starting to stream jobs"}
{"level":30,"time":"2021-10-30T05:05:16.602Z","pid":9864,"hostname":"asterionus","msg":"JobQueueDatabaseStore fetching existing jobs for queue \"remove storage key\""}
{"level":30,"time":"2021-10-30T05:05:16.602Z","pid":9864,"hostname":"asterionus","msg":"report spam job queue: starting to stream jobs"}
{"level":30,"time":"2021-10-30T05:05:16.602Z","pid":9864,"hostname":"asterionus","msg":"JobQueueDatabaseStore fetching existing jobs for queue \"report spam\""}
{"level":30,"time":"2021-10-30T05:05:16.603Z","pid":9864,"hostname":"asterionus","msg":"view sync job queue: starting to stream jobs"}
{"level":30,"time":"2021-10-30T05:05:16.603Z","pid":9864,"hostname":"asterionus","msg":"JobQueueDatabaseStore fetching existing jobs for queue \"view sync\""}
{"level":30,"time":"2021-10-30T05:05:16.603Z","pid":9864,"hostname":"asterionus","msg":"viewed receipts job queue: starting to stream jobs"}
{"level":30,"time":"2021-10-30T05:05:16.603Z","pid":9864,"hostname":"asterionus","msg":"JobQueueDatabaseStore fetching existing jobs for queue \"viewed receipts\""}
{"level":30,"time":"2021-10-30T05:05:16.603Z","pid":9864,"hostname":"asterionus","msg":"Initializing MessageReceiver"}
{"level":30,"time":"2021-10-30T05:05:16.605Z","pid":9864,"hostname":"asterionus","msg":"Sender certificate service initialized"}
{"level":30,"time":"2021-10-30T05:05:16.612Z","pid":9864,"hostname":"asterionus","msg":"JobQueueDatabaseStore finished fetching existing 0 jobs for queue \"normal message send\""}
{"level":30,"time":"2021-10-30T05:05:16.614Z","pid":9864,"hostname":"asterionus","msg":"JobQueueDatabaseStore finished fetching existing 0 jobs for queue \"read sync\""}
{"level":30,"time":"2021-10-30T05:05:16.614Z","pid":9864,"hostname":"asterionus","msg":"JobQueueDatabaseStore finished fetching existing 0 jobs for queue \"remove storage key\""}
{"level":30,"time":"2021-10-30T05:05:16.614Z","pid":9864,"hostname":"asterionus","msg":"JobQueueDatabaseStore finished fetching existing 0 jobs for queue \"report spam\""}
{"level":30,"time":"2021-10-30T05:05:16.615Z","pid":9864,"hostname":"asterionus","msg":"JobQueueDatabaseStore finished fetching existing 0 jobs for queue \"view sync\""}
{"level":30,"time":"2021-10-30T05:05:16.615Z","pid":9864,"hostname":"asterionus","msg":"JobQueueDatabaseStore finished fetching existing 0 jobs for queue \"viewed receipts\""}
{"level":40,"time":"2021-10-30T05:05:16.657Z","pid":9864,"hostname":"asterionus","msg":"doesDatabaseExist: Timed out attempting to check IndexedDB status"}
{"level":30,"time":"2021-10-30T05:05:16.884Z","pid":9864,"hostname":"asterionus","msg":"SocketManager: connected authenticated socket"}
{"level":30,"time":"2021-10-30T05:05:16.889Z","pid":9864,"hostname":"asterionus","msg":"SocketManager: request handler unavailable, queued request. Queue size: 1"}
{"level":30,"time":"2021-10-30T05:05:17.785Z","pid":9864,"hostname":"asterionus","msg":"data.startInRendererProcess: switching to renderer process"}
{"level":30,"time":"2021-10-30T05:05:17.803Z","pid":9864,"hostname":"asterionus","msg":"data.startInRendererProcess: switched to renderer process"}
{"level":30,"time":"2021-10-30T05:05:17.804Z","pid":9864,"hostname":"asterionus","msg":"Starting background data migration. Target version: 10"}
{"level":30,"time":"2021-10-30T05:05:17.805Z","pid":9864,"hostname":"asterionus","msg":"GET (WS) https://chat.signal.org/v1/config"}
{"level":30,"time":"2021-10-30T05:05:17.809Z","pid":9864,"hostname":"asterionus","msg":"RetryPlaceholders.constructor: Started with 0 items, lifespan of 3600000"}
{"level":30,"time":"2021-10-30T05:05:17.809Z","pid":9864,"hostname":"asterionus","msg":"ConversationController: starting initial fetch"}
{"level":30,"time":"2021-10-30T05:05:17.823Z","pid":9864,"hostname":"asterionus","msg":"Renderer SQL channel job (getAllConversations) completed in 13ms"}
{"level":30,"time":"2021-10-30T05:05:17.823Z","pid":9864,"hostname":"asterionus","msg":"Renderer SQL channel job (getAllStickerPacks) completed in 12ms"}
{"level":30,"time":"2021-10-30T05:05:17.824Z","pid":9864,"hostname":"asterionus","msg":"Renderer SQL channel job (getAllStickers) completed in 12ms"}
{"level":30,"time":"2021-10-30T05:05:17.847Z","pid":9864,"hostname":"asterionus","msg":"SignalProtocolStore: Finished caching identityKeys data"}
{"level":30,"time":"2021-10-30T05:05:17.847Z","pid":9864,"hostname":"asterionus","msg":"SignalProtocolStore: Finished caching sessions data"}
{"level":30,"time":"2021-10-30T05:05:17.847Z","pid":9864,"hostname":"asterionus","msg":"SignalProtocolStore: Finished caching preKeys data"}
{"level":30,"time":"2021-10-30T05:05:17.847Z","pid":9864,"hostname":"asterionus","msg":"SignalProtocolStore: Finished caching senderKeys data"}
{"level":30,"time":"2021-10-30T05:05:17.848Z","pid":9864,"hostname":"asterionus","msg":"SignalProtocolStore: Finished caching signedPreKeys data"}
{"level":30,"time":"2021-10-30T05:05:17.851Z","pid":9864,"hostname":"asterionus","msg":"ConversationController: done with initial fetch"}
{"level":30,"time":"2021-10-30T05:05:17.852Z","pid":9864,"hostname":"asterionus","msg":"checkForConflicts: starting..."}
{"level":30,"time":"2021-10-30T05:05:17.852Z","pid":9864,"hostname":"asterionus","msg":"checkForConflicts: complete!"}
{"level":30,"time":"2021-10-30T05:05:17.886Z","pid":9864,"hostname":"asterionus","msg":"challenge: loading 0 messages"}
{"level":30,"time":"2021-10-30T05:05:17.886Z","pid":9864,"hostname":"asterionus","msg":"Initializing network observer"}
{"level":30,"time":"2021-10-30T05:05:17.955Z","pid":9864,"hostname":"asterionus","msg":"challenge: loaded 0 messages"}
{"level":30,"time":"2021-10-30T05:05:17.955Z","pid":9864,"hostname":"asterionus","msg":"Renderer SQL channel job (createOrUpdateItem) completed in 68ms"}
{"level":30,"time":"2021-10-30T05:05:17.955Z","pid":9864,"hostname":"asterionus","msg":"Expiration start timestamp cleanup: starting..."}
{"level":30,"time":"2021-10-30T05:05:17.957Z","pid":9864,"hostname":"asterionus","msg":"Expiration start timestamp cleanup: Found 0 messages for cleanup"}
{"level":30,"time":"2021-10-30T05:05:17.957Z","pid":9864,"hostname":"asterionus","msg":"Expiration start timestamp cleanup: complete"}
{"level":30,"time":"2021-10-30T05:05:17.957Z","pid":9864,"hostname":"asterionus","msg":"listening for registration events"}
{"level":30,"time":"2021-10-30T05:05:17.973Z","pid":9864,"hostname":"asterionus","msg":"checkExpiringMessages: checking for expiring messages"}
{"level":30,"time":"2021-10-30T05:05:17.975Z","pid":9864,"hostname":"asterionus","msg":"connect {\"connectCount\":0}"}
{"level":30,"time":"2021-10-30T05:05:17.975Z","pid":9864,"hostname":"asterionus","msg":"GET (WS) https://chat.signal.org/v1/config"}
{"level":30,"time":"2021-10-30T05:05:17.976Z","pid":9864,"hostname":"asterionus","msg":"open inbox"}
{"level":30,"time":"2021-10-30T05:05:17.976Z","pid":9864,"hostname":"asterionus","msg":"checkExpiringMessages: found no messages to expire"}
{"level":30,"time":"2021-10-30T05:05:17.993Z","pid":9864,"hostname":"asterionus","msg":"src/core/call_manager.rs:343 RingRTC v2.13.6"}
{"level":30,"time":"2021-10-30T05:05:17.993Z","pid":9864,"hostname":"asterionus","msg":"src/core/call_manager.rs:383 set_self_uuid():"}
{"level":30,"time":"2021-10-30T05:05:18.059Z","pid":9864,"hostname":"asterionus","msg":"GET (WS) https://chat.signal.org/v1/config 200 Success"}
{"level":30,"time":"2021-10-30T05:05:18.115Z","pid":9864,"hostname":"asterionus","msg":"Renderer SQL channel job (createOrUpdateItem) completed in 55ms"}
{"level":30,"time":"2021-10-30T05:05:18.120Z","pid":9864,"hostname":"asterionus","msg":"GET (WS) https://chat.signal.org/v1/config 200 Success"}
{"level":30,"time":"2021-10-30T05:05:18.526Z","pid":9864,"hostname":"asterionus","msg":"Renderer SQL channel job (createOrUpdateItem) completed in 406ms"}
{"level":30,"time":"2021-10-30T05:05:18.527Z","pid":9864,"hostname":"asterionus","msg":"NotificationService disabling"}
{"level":30,"time":"2021-10-30T05:05:18.527Z","pid":9864,"hostname":"asterionus","msg":"initializeGroupCredentialFetcher: starting..."}
{"level":30,"time":"2021-10-30T05:05:18.529Z","pid":9864,"hostname":"asterionus","msg":"maybeFetchCredentials: fetching credentials for 18931 through 18937"}
{"level":30,"time":"2021-10-30T05:05:18.534Z","pid":9864,"hostname":"asterionus","msg":"GET (WS) https://chat.signal.org/v1/certificate/group/18931/18937"}
{"level":30,"time":"2021-10-30T05:05:18.535Z","pid":9864,"hostname":"asterionus","msg":"getAllFromCache"}
{"level":30,"time":"2021-10-30T05:05:18.536Z","pid":9864,"hostname":"asterionus","msg":"SocketManager: processing 1 queued incoming requests"}
{"level":30,"time":"2021-10-30T05:05:18.536Z","pid":9864,"hostname":"asterionus","msg":"MessageReceiver: got request PUT /api/v1/queue/empty"}
{"level":30,"time":"2021-10-30T05:05:18.537Z","pid":9864,"hostname":"asterionus","msg":"SocketManager.onOnline"}
{"level":30,"time":"2021-10-30T05:05:18.543Z","pid":9864,"hostname":"asterionus","msg":"attachment_downloads/start: enabling"}
{"level":30,"time":"2021-10-30T05:05:18.544Z","pid":9864,"hostname":"asterionus","msg":"Boot after upgrading. Requesting contact sync"}
{"level":30,"time":"2021-10-30T05:05:18.547Z","pid":9864,"hostname":"asterionus","msg":"SyncRequest created. Sending config sync request..."}
{"level":30,"time":"2021-10-30T05:05:18.548Z","pid":9864,"hostname":"asterionus","msg":"SyncRequest now sending block sync request..."}
{"level":30,"time":"2021-10-30T05:05:18.548Z","pid":9864,"hostname":"asterionus","msg":"SyncRequest now sending contact sync message..."}
{"level":30,"time":"2021-10-30T05:05:18.552Z","pid":9864,"hostname":"asterionus","msg":"PUT (REST) https://chat.signal.org/v1/accounts/name"}
{"level":30,"time":"2021-10-30T05:05:18.565Z","pid":9864,"hostname":"asterionus","msg":"attachment_downloads/_maybeStartJob: no attachment jobs to run"}
{"level":30,"time":"2021-10-30T05:05:18.565Z","pid":9864,"hostname":"asterionus","msg":"getAllFromCache loaded 0 saved envelopes"}
{"level":30,"time":"2021-10-30T05:05:18.567Z","pid":9864,"hostname":"asterionus","msg":"MessageReceiver: finished processing messages after 'empty', now waiting for application"}
{"level":30,"time":"2021-10-30T05:05:18.567Z","pid":9864,"hostname":"asterionus","msg":"Flushing MessageReceiver.decryptAndCacheBatcher batcher items.length=0"}
{"level":30,"time":"2021-10-30T05:05:18.567Z","pid":9864,"hostname":"asterionus","msg":"Flushing complete MessageReceiver.decryptAndCacheBatcher for batcher"}
{"level":30,"time":"2021-10-30T05:05:18.567Z","pid":9864,"hostname":"asterionus","msg":"Flushing MessageReceiver.cacheRemoveBatcher batcher items.length=0"}
{"level":30,"time":"2021-10-30T05:05:18.567Z","pid":9864,"hostname":"asterionus","msg":"Flushing complete MessageReceiver.cacheRemoveBatcher for batcher"}
{"level":30,"time":"2021-10-30T05:05:18.567Z","pid":9864,"hostname":"asterionus","msg":"MessageReceiver: emitting 'empty' event"}
{"level":30,"time":"2021-10-30T05:05:18.568Z","pid":9864,"hostname":"asterionus","msg":"Flushing sql.Client.updateConversationBatcher batcher items.length=0"}
{"level":30,"time":"2021-10-30T05:05:18.568Z","pid":9864,"hostname":"asterionus","msg":"Flushing complete sql.Client.updateConversationBatcher for batcher"}
{"level":30,"time":"2021-10-30T05:05:18.568Z","pid":9864,"hostname":"asterionus","msg":"Flushing messageBatcher.updateMessageBatcher batcher items.length=0"}
{"level":30,"time":"2021-10-30T05:05:18.568Z","pid":9864,"hostname":"asterionus","msg":"Flushing complete messageBatcher.updateMessageBatcher for batcher"}
{"level":30,"time":"2021-10-30T05:05:18.568Z","pid":9864,"hostname":"asterionus","msg":"Flushing Whisper.deliveryReceiptBatcher batcher items.length=0"}
{"level":30,"time":"2021-10-30T05:05:18.568Z","pid":9864,"hostname":"asterionus","msg":"Flushing complete Whisper.deliveryReceiptBatcher for batcher"}
{"level":30,"time":"2021-10-30T05:05:18.568Z","pid":9864,"hostname":"asterionus","msg":"Flushing respondWithProfileKeyBatcher batcher items.length=0"}
{"level":30,"time":"2021-10-30T05:05:18.568Z","pid":9864,"hostname":"asterionus","msg":"Flushing complete respondWithProfileKeyBatcher for batcher"}
{"level":30,"time":"2021-10-30T05:05:18.568Z","pid":9864,"hostname":"asterionus","msg":"Flushing MessageReceiver.decryptAndCacheBatcher batcher items.length=0"}
{"level":30,"time":"2021-10-30T05:05:18.568Z","pid":9864,"hostname":"asterionus","msg":"Flushing complete MessageReceiver.decryptAndCacheBatcher for batcher"}
{"level":30,"time":"2021-10-30T05:05:18.568Z","pid":9864,"hostname":"asterionus","msg":"Flushing MessageReceiver.cacheRemoveBatcher batcher items.length=0"}
{"level":30,"time":"2021-10-30T05:05:18.568Z","pid":9864,"hostname":"asterionus","msg":"Flushing complete MessageReceiver.cacheRemoveBatcher for batcher"}
{"level":30,"time":"2021-10-30T05:05:18.568Z","pid":9864,"hostname":"asterionus","msg":"Flushing changedConvoBatcher batcher items.length=0"}
{"level":30,"time":"2021-10-30T05:05:18.569Z","pid":9864,"hostname":"asterionus","msg":"Flushing complete changedConvoBatcher for batcher"}
{"level":30,"time":"2021-10-30T05:05:18.569Z","pid":9864,"hostname":"asterionus","msg":"waitBatcher#flushAllWaitBatchers"}
{"level":30,"time":"2021-10-30T05:05:18.569Z","pid":9864,"hostname":"asterionus","msg":"Flushing start messageBatcher.saveNewMessageBatcher for waitBatcher items.length=0"}
{"level":30,"time":"2021-10-30T05:05:18.569Z","pid":9864,"hostname":"asterionus","msg":"Flushing complete messageBatcher.saveNewMessageBatcher for waitBatcher"}
{"level":30,"time":"2021-10-30T05:05:18.569Z","pid":9864,"hostname":"asterionus","msg":"Flushing start deleteSentProtoBatcher for waitBatcher items.length=0"}
{"level":30,"time":"2021-10-30T05:05:18.569Z","pid":9864,"hostname":"asterionus","msg":"Flushing complete deleteSentProtoBatcher for waitBatcher"}
{"level":30,"time":"2021-10-30T05:05:18.573Z","pid":9864,"hostname":"asterionus","msg":"onEmpty: All outstanding database requests complete"}
{"level":30,"time":"2021-10-30T05:05:19.037Z","pid":9864,"hostname":"asterionus","msg":"Next signed key rotation scheduled for 2021-10-30T05:05:18.574Z"}
{"level":30,"time":"2021-10-30T05:05:19.038Z","pid":9864,"hostname":"asterionus","msg":"data.goBackToMainProcess: switching to main process"}
{"level":30,"time":"2021-10-30T05:05:19.231Z","pid":9864,"hostname":"asterionus","msg":"Renderer SQL channel job (createOrUpdateItem) completed in 657ms"}
{"level":30,"time":"2021-10-30T05:05:19.231Z","pid":9864,"hostname":"asterionus","msg":"Renderer SQL channel job (close) completed in 193ms"}
{"level":30,"time":"2021-10-30T05:05:19.234Z","pid":9864,"hostname":"asterionus","msg":"startup query: createOrUpdateItem 1186ms"}
{"level":30,"time":"2021-10-30T05:05:19.235Z","pid":9864,"hostname":"asterionus","msg":"startup query: close 193ms"}
{"level":30,"time":"2021-10-30T05:05:19.235Z","pid":9864,"hostname":"asterionus","msg":"startup query: getAllConversations 13ms"}
{"level":30,"time":"2021-10-30T05:05:19.235Z","pid":9864,"hostname":"asterionus","msg":"startup query: getAllStickerPacks 12ms"}
{"level":30,"time":"2021-10-30T05:05:19.235Z","pid":9864,"hostname":"asterionus","msg":"startup query: getAllStickers 12ms"}
{"level":30,"time":"2021-10-30T05:05:19.235Z","pid":9864,"hostname":"asterionus","msg":"data.goBackToMainProcess: switched to main process"}
{"level":30,"time":"2021-10-30T05:05:19.237Z","pid":9864,"hostname":"asterionus","msg":"NotificationService enabling"}
{"level":30,"time":"2021-10-30T05:05:19.263Z","pid":9864,"hostname":"asterionus","msg":"App loaded - messages: 0"}
{"level":30,"time":"2021-10-30T05:05:19.263Z","pid":9864,"hostname":"asterionus","msg":"Downloading recent attachments of total attachments 0 0"}
{"level":30,"time":"2021-10-30T05:05:19.264Z","pid":9864,"hostname":"asterionus","msg":"StartupQueue: Processing 0 actions"}
{"level":30,"time":"2021-10-30T05:05:19.307Z","pid":9864,"hostname":"asterionus","msg":"commitZoneChanges(storeSession): pending sessions 1 pending unprocessed 0"}
{"level":30,"time":"2021-10-30T05:05:19.312Z","pid":9864,"hostname":"asterionus","msg":"Rotating signed prekey..."}
{"level":30,"time":"2021-10-30T05:05:19.313Z","pid":9864,"hostname":"asterionus","msg":"Saving new signed prekey 2"}
{"level":30,"time":"2021-10-30T05:05:19.314Z","pid":9864,"hostname":"asterionus","msg":"PUT (REST) https://chat.signal.org/v2/keys/signed"}
{"level":30,"time":"2021-10-30T05:05:19.392Z","pid":9864,"hostname":"asterionus","msg":"GET (WS) https://chat.signal.org/v1/certificate/group/18931/18937 200 Success"}
{"level":30,"time":"2021-10-30T05:05:19.415Z","pid":9864,"hostname":"asterionus","msg":"maybeFetchCredentials: Saving new credentials..."}
{"level":30,"time":"2021-10-30T05:05:19.415Z","pid":9864,"hostname":"asterionus","msg":"maybeFetchCredentials: Save complete."}
{"level":30,"time":"2021-10-30T05:05:19.431Z","pid":9864,"hostname":"asterionus","msg":"PUT (WS) https://chat.signal.org/v1/messages/[REDACTED]74e"}
{"level":30,"time":"2021-10-30T05:05:19.486Z","pid":9864,"hostname":"asterionus","msg":"PUT (WS) https://chat.signal.org/v1/messages/[REDACTED]74e 200 Success"}
{"level":30,"time":"2021-10-30T05:05:19.489Z","pid":9864,"hostname":"asterionus","msg":"commitZoneChanges(storeSession): pending sessions 1 pending unprocessed 0"}
{"level":30,"time":"2021-10-30T05:05:19.617Z","pid":9864,"hostname":"asterionus","msg":"PUT (REST) https://chat.signal.org/v1/accounts/name 204 Success"}
{"level":30,"time":"2021-10-30T05:05:19.618Z","pid":9864,"hostname":"asterionus","msg":"PUT (WS) https://chat.signal.org/v1/devices/capabilities"}
{"level":30,"time":"2021-10-30T05:05:19.641Z","pid":9864,"hostname":"asterionus","msg":"PUT (REST) https://chat.signal.org/v2/keys/signed 204 Success"}
{"level":30,"time":"2021-10-30T05:05:19.683Z","pid":9864,"hostname":"asterionus","msg":"PUT (WS) https://chat.signal.org/v1/devices/capabilities 204 Success"}
{"level":30,"time":"2021-10-30T05:05:19.683Z","pid":9864,"hostname":"asterionus","msg":"Start idle detector"}
{"level":30,"time":"2021-10-30T05:05:19.683Z","pid":9864,"hostname":"asterionus","msg":"routineProfileRefresh: starting"}
{"level":30,"time":"2021-10-30T05:05:19.684Z","pid":9864,"hostname":"asterionus","msg":"routineProfileRefresh: updating last refresh time"}
{"level":30,"time":"2021-10-30T05:05:19.684Z","pid":9864,"hostname":"asterionus","msg":"challenge: online, retrying 0 messages"}
{"level":30,"time":"2021-10-30T05:05:19.684Z","pid":9864,"hostname":"asterionus","msg":"challenge: retrySend force=false"}
{"level":30,"time":"2021-10-30T05:05:19.794Z","pid":9864,"hostname":"asterionus","msg":"Confirming new signed prekey 2"}
{"level":30,"time":"2021-10-30T05:05:20.238Z","pid":9864,"hostname":"asterionus","msg":"NotificationService not updating notifications. Notifications are enabled; app is focused; there is no notification data"}
{"level":30,"time":"2021-10-30T05:05:20.389Z","pid":9864,"hostname":"asterionus","msg":"checkExpiringMessages: checking for expiring messages"}
{"level":30,"time":"2021-10-30T05:05:20.394Z","pid":9864,"hostname":"asterionus","msg":"PUT (WS) https://chat.signal.org/v1/messages/[REDACTED]74e"}
{"level":30,"time":"2021-10-30T05:05:20.445Z","pid":9864,"hostname":"asterionus","msg":"PUT (WS) https://chat.signal.org/v1/messages/[REDACTED]74e 200 Success"}
{"level":30,"time":"2021-10-30T05:05:20.446Z","pid":9864,"hostname":"asterionus","msg":"commitZoneChanges(storeSession): pending sessions 1 pending unprocessed 0"}
{"level":30,"time":"2021-10-30T05:05:20.610Z","pid":9864,"hostname":"asterionus","msg":"routineProfileRefresh: starting to refresh conversations"}
{"level":30,"time":"2021-10-30T05:05:20.611Z","pid":9864,"hostname":"asterionus","msg":"routineProfileRefresh: successfully refreshed 0 out of 0 conversation(s)"}
{"level":30,"time":"2021-10-30T05:05:20.612Z","pid":9864,"hostname":"asterionus","msg":"Upgrade message schema (with index): {\"done\":true,\"numProcessed\":0,\"fetchDuration\":927,\"upgradeDuration\":0,\"saveDuration\":0,\"totalDuration\":927}"}
{"level":30,"time":"2021-10-30T05:05:20.612Z","pid":9864,"hostname":"asterionus","msg":"Background migration complete. Stopping idle detector."}
{"level":30,"time":"2021-10-30T05:05:20.612Z","pid":9864,"hostname":"asterionus","msg":"Stop idle detector"}
{"level":30,"time":"2021-10-30T05:05:21.172Z","pid":9864,"hostname":"asterionus","msg":"cleanSignedPreKeys: Most recent signed key: 2"}
{"level":30,"time":"2021-10-30T05:05:21.172Z","pid":9864,"hostname":"asterionus","msg":"cleanSignedPreKeys: Most recent confirmed signed key: 2"}
{"level":30,"time":"2021-10-30T05:05:21.172Z","pid":9864,"hostname":"asterionus","msg":"cleanSignedPreKeys: Most recent unconfirmed signed key: none"}
{"level":30,"time":"2021-10-30T05:05:21.172Z","pid":9864,"hostname":"asterionus","msg":"cleanSignedPreKeys: Total signed key count: 2 - 2 confirmed"}
{"level":30,"time":"2021-10-30T05:05:21.173Z","pid":9864,"hostname":"asterionus","msg":"Next signed key rotation scheduled for 2021-11-01T05:05:21.173Z"}
{"level":30,"time":"2021-10-30T05:05:21.173Z","pid":9864,"hostname":"asterionus","msg":"checkExpiringMessages: found no messages to expire"}
{"level":30,"time":"2021-10-30T05:05:21.316Z","pid":9864,"hostname":"asterionus","msg":"PUT (WS) https://chat.signal.org/v1/messages/[REDACTED]74e"}
{"level":30,"time":"2021-10-30T05:05:21.369Z","pid":9864,"hostname":"asterionus","msg":"PUT (WS) https://chat.signal.org/v1/messages/[REDACTED]74e 200 Success"}
{"level":30,"time":"2021-10-30T05:05:21.372Z","pid":9864,"hostname":"asterionus","msg":"commitZoneChanges(storeSession): pending sessions 1 pending unprocessed 0"}
{"level":30,"time":"2021-10-30T05:05:21.483Z","pid":9864,"hostname":"asterionus","msg":"PUT (WS) https://chat.signal.org/v1/messages/[REDACTED]74e"}
{"level":30,"time":"2021-10-30T05:05:21.536Z","pid":9864,"hostname":"asterionus","msg":"PUT (WS) https://chat.signal.org/v1/messages/[REDACTED]74e 200 Success"}
{"level":30,"time":"2021-10-30T05:05:21.583Z","pid":9864,"hostname":"asterionus","msg":"SyncRequest now sending group sync message..."}
{"level":30,"time":"2021-10-30T05:05:21.585Z","pid":9864,"hostname":"asterionus","msg":"commitZoneChanges(storeSession): pending sessions 1 pending unprocessed 0"}
{"level":30,"time":"2021-10-30T05:05:21.627Z","pid":9864,"hostname":"asterionus","msg":"PUT (WS) https://chat.signal.org/v1/messages/[REDACTED]74e"}
{"level":30,"time":"2021-10-30T05:05:21.680Z","pid":9864,"hostname":"asterionus","msg":"PUT (WS) https://chat.signal.org/v1/messages/[REDACTED]74e 200 Success"}
{"level":30,"time":"2021-10-30T05:05:22.916Z","pid":9864,"hostname":"asterionus","msg":"MessageReceiver: got request PUT /api/v1/message"}
{"level":30,"time":"2021-10-30T05:05:22.995Z","pid":9864,"hostname":"asterionus","msg":"MessageReceiver.decryptAndCacheBatch 1"}
{"level":30,"time":"2021-10-30T05:05:22.995Z","pid":9864,"hostname":"asterionus","msg":"SignalProtocolStore.enterZone(decryptAndCacheBatch:MessageReceiver)"}
{"level":30,"time":"2021-10-30T05:05:22.995Z","pid":9864,"hostname":"asterionus","msg":"queueing envelope [REDACTED]74e.1 1635570324075 (3ed97836a7f24f50af92f702e5ad24f3)"}
{"level":30,"time":"2021-10-30T05:05:22.996Z","pid":9864,"hostname":"asterionus","msg":"MessageReceiver.decryptEnvelope([REDACTED]74e.1 1635570324075 (3ed97836a7f24f50af92f702e5ad24f3))"}
{"level":30,"time":"2021-10-30T05:05:22.997Z","pid":9864,"hostname":"asterionus","msg":"decrypt/[REDACTED]74e.1 1635570324075 (3ed97836a7f24f50af92f702e5ad24f3): ciphertext message"}
{"level":30,"time":"2021-10-30T05:05:22.999Z","pid":9864,"hostname":"asterionus","msg":"@signalapp/signal-client [REDACTED]74e.1 creating new chains. libsignal_protocol::session_cipher rust/protocol/src/session_cipher.rs:551"}
{"level":30,"time":"2021-10-30T05:05:23.000Z","pid":9864,"hostname":"asterionus","msg":"@signalapp/signal-client decrypted message from [REDACTED]74e.1 with current session state (base key d6bf945e37904cdb80df09df00e07013bf2fcf1d33213490658a0a442e7dec0a) libsignal_protocol::session_cipher rust/protocol/src/session_cipher.rs:409"}
{"level":30,"time":"2021-10-30T05:05:23.002Z","pid":9864,"hostname":"asterionus","msg":"MessageReceiver.decryptAndCacheBatch storing 1 decrypted envelopes, keeping 0 failed envelopes."}
{"level":30,"time":"2021-10-30T05:05:23.003Z","pid":9864,"hostname":"asterionus","msg":"commitZoneChanges(MessageReceiver): pending sessions 1 pending unprocessed 1"}
{"level":30,"time":"2021-10-30T05:05:23.516Z","pid":9864,"hostname":"asterionus","msg":"SignalProtocolStore.leaveZone(decryptAndCacheBatch)"}
{"level":30,"time":"2021-10-30T05:05:23.516Z","pid":9864,"hostname":"asterionus","msg":"MessageReceiver.decryptAndCacheBatch acknowledging receipt"}
{"level":30,"time":"2021-10-30T05:05:23.517Z","pid":9864,"hostname":"asterionus","msg":"queueing decrypted envelope [REDACTED]74e.1 1635570324075 (3ed97836a7f24f50af92f702e5ad24f3)"}
{"level":30,"time":"2021-10-30T05:05:23.518Z","pid":9864,"hostname":"asterionus","msg":"got keys sync message"}
{"level":30,"time":"2021-10-30T05:05:23.519Z","pid":9864,"hostname":"asterionus","msg":"onKeysSync: received keys"}
{"level":30,"time":"2021-10-30T05:05:23.519Z","pid":9864,"hostname":"asterionus","msg":"MessageReceiver.decryptAndCacheBatch fully processed"}
{"level":30,"time":"2021-10-30T05:05:24.020Z","pid":9864,"hostname":"asterionus","msg":"storageService.sync: starting..."}
{"level":30,"time":"2021-10-30T05:05:24.020Z","pid":9864,"hostname":"asterionus","msg":"storageService.fetchManifest"}
{"level":30,"time":"2021-10-30T05:05:24.020Z","pid":9864,"hostname":"asterionus","msg":"GET (WS) https://chat.signal.org/v1/storage/auth"}
{"level":30,"time":"2021-10-30T05:05:24.070Z","pid":9864,"hostname":"asterionus","msg":"GET (WS) https://chat.signal.org/v1/storage/auth 200 Success"}
{"level":30,"time":"2021-10-30T05:05:24.070Z","pid":9864,"hostname":"asterionus","msg":"GET (REST) https://storage.signal.org/v1/storage/manifest/version/72"}
{"level":30,"time":"2021-10-30T05:05:24.472Z","pid":9864,"hostname":"asterionus","msg":"GET (REST) https://storage.signal.org/v1/storage/manifest/version/72 204 Success"}
{"level":30,"time":"2021-10-30T05:05:24.472Z","pid":9864,"hostname":"asterionus","msg":"storageService.fetchManifest: nothing changed"}
{"level":30,"time":"2021-10-30T05:05:24.473Z","pid":9864,"hostname":"asterionus","msg":"storageService.sync: no new manifest"}
{"level":30,"time":"2021-10-30T05:05:25.457Z","pid":9864,"hostname":"asterionus","msg":"MessageReceiver: got request PUT /api/v1/message"}
{"level":30,"time":"2021-10-30T05:05:25.461Z","pid":9864,"hostname":"asterionus","msg":"src/core/call_manager.rs:263 CallManager: Dropping last reference."}
{"level":30,"time":"2021-10-30T05:05:25.533Z","pid":9864,"hostname":"asterionus","msg":"MessageReceiver.decryptAndCacheBatch 1"}
{"level":30,"time":"2021-10-30T05:05:25.533Z","pid":9864,"hostname":"asterionus","msg":"SignalProtocolStore.enterZone(decryptAndCacheBatch:MessageReceiver)"}
{"level":30,"time":"2021-10-30T05:05:25.533Z","pid":9864,"hostname":"asterionus","msg":"queueing envelope [REDACTED]74e.1 1635570324112 (616118f6968e4f2682490cb3cdfd224b)"}
{"level":30,"time":"2021-10-30T05:05:25.533Z","pid":9864,"hostname":"asterionus","msg":"MessageReceiver.decryptEnvelope([REDACTED]74e.1 1635570324112 (616118f6968e4f2682490cb3cdfd224b))"}
{"level":30,"time":"2021-10-30T05:05:25.533Z","pid":9864,"hostname":"asterionus","msg":"decrypt/[REDACTED]74e.1 1635570324112 (616118f6968e4f2682490cb3cdfd224b): ciphertext message"}
{"level":30,"time":"2021-10-30T05:05:25.534Z","pid":9864,"hostname":"asterionus","msg":"@signalapp/signal-client decrypted message from [REDACTED]74e.1 with current session state (base key d6bf945e37904cdb80df09df00e07013bf2fcf1d33213490658a0a442e7dec0a) libsignal_protocol::session_cipher rust/protocol/src/session_cipher.rs:409"}
{"level":30,"time":"2021-10-30T05:05:25.535Z","pid":9864,"hostname":"asterionus","msg":"MessageReceiver.decryptAndCacheBatch storing 1 decrypted envelopes, keeping 0 failed envelopes."}
{"level":30,"time":"2021-10-30T05:05:25.535Z","pid":9864,"hostname":"asterionus","msg":"commitZoneChanges(MessageReceiver): pending sessions 1 pending unprocessed 1"}
{"level":30,"time":"2021-10-30T05:05:25.915Z","pid":9864,"hostname":"asterionus","msg":"Sender certificate service: fetching and saving a yes-E164 certificate"}
{"level":30,"time":"2021-10-30T05:05:25.916Z","pid":9864,"hostname":"asterionus","msg":"GET (WS) https://chat.signal.org/v1/certificate/delivery"}
{"level":30,"time":"2021-10-30T05:05:25.999Z","pid":9864,"hostname":"asterionus","msg":"GET (WS) https://chat.signal.org/v1/certificate/delivery 200 Success"}
{"level":30,"time":"2021-10-30T05:05:26.183Z","pid":9864,"hostname":"asterionus","msg":"SignalProtocolStore.leaveZone(decryptAndCacheBatch)"}
{"level":30,"time":"2021-10-30T05:05:26.183Z","pid":9864,"hostname":"asterionus","msg":"MessageReceiver.decryptAndCacheBatch acknowledging receipt"}
{"level":30,"time":"2021-10-30T05:05:26.184Z","pid":9864,"hostname":"asterionus","msg":"queueing decrypted envelope [REDACTED]74e.1 1635570324112 (616118f6968e4f2682490cb3cdfd224b)"}
{"level":30,"time":"2021-10-30T05:05:26.185Z","pid":9864,"hostname":"asterionus","msg":"group sync"}
{"level":30,"time":"2021-10-30T05:05:26.186Z","pid":9864,"hostname":"asterionus","msg":"GET (REST) https://cdn2.signal.org/attachments/[REDACTED]dGP"}
{"level":30,"time":"2021-10-30T05:05:26.188Z","pid":9864,"hostname":"asterionus","msg":"MessageReceiver.decryptAndCacheBatch fully processed"}
{"level":30,"time":"2021-10-30T05:05:26.270Z","pid":9864,"hostname":"asterionus","msg":"GET (WS) https://chat.signal.org/v1/profile/[REDACTED]6dc/[REDACTED]8aa (unauth)"}
{"level":30,"time":"2021-10-30T05:05:26.271Z","pid":9864,"hostname":"asterionus","msg":"SocketManager: connecting unauthenticated socket"}
{"level":30,"time":"2021-10-30T05:05:26.273Z","pid":9864,"hostname":"asterionus","msg":"MessageReceiver: got request PUT /api/v1/message"}
{"level":30,"time":"2021-10-30T05:05:26.297Z","pid":9864,"hostname":"asterionus","msg":"MessageReceiver: got request PUT /api/v1/message"}
{"level":30,"time":"2021-10-30T05:05:26.349Z","pid":9864,"hostname":"asterionus","msg":"MessageReceiver.decryptAndCacheBatch 2"}
{"level":30,"time":"2021-10-30T05:05:26.349Z","pid":9864,"hostname":"asterionus","msg":"SignalProtocolStore.enterZone(decryptAndCacheBatch:MessageReceiver)"}
{"level":30,"time":"2021-10-30T05:05:26.349Z","pid":9864,"hostname":"asterionus","msg":"queueing envelope [REDACTED]74e.1 1635570324094 (17f4a137dd2d495f95b9aaa90b347bc1)"}
{"level":30,"time":"2021-10-30T05:05:26.349Z","pid":9864,"hostname":"asterionus","msg":"queueing envelope [REDACTED]74e.1 1635570324111 (9b84723eb45040f9bedd67600c961206)"}
{"level":30,"time":"2021-10-30T05:05:26.349Z","pid":9864,"hostname":"asterionus","msg":"MessageReceiver.decryptEnvelope([REDACTED]74e.1 1635570324094 (17f4a137dd2d495f95b9aaa90b347bc1))"}
{"level":30,"time":"2021-10-30T05:05:26.349Z","pid":9864,"hostname":"asterionus","msg":"decrypt/[REDACTED]74e.1 1635570324094 (17f4a137dd2d495f95b9aaa90b347bc1): ciphertext message"}
{"level":30,"time":"2021-10-30T05:05:26.350Z","pid":9864,"hostname":"asterionus","msg":"@signalapp/signal-client decrypted message from [REDACTED]74e.1 with current session state (base key d6bf945e37904cdb80df09df00e07013bf2fcf1d33213490658a0a442e7dec0a) libsignal_protocol::session_cipher rust/protocol/src/session_cipher.rs:409"}
{"level":30,"time":"2021-10-30T05:05:26.351Z","pid":9864,"hostname":"asterionus","msg":"MessageReceiver.decryptEnvelope([REDACTED]74e.1 1635570324111 (9b84723eb45040f9bedd67600c961206))"}
{"level":30,"time":"2021-10-30T05:05:26.351Z","pid":9864,"hostname":"asterionus","msg":"decrypt/[REDACTED]74e.1 1635570324111 (9b84723eb45040f9bedd67600c961206): ciphertext message"}
{"level":30,"time":"2021-10-30T05:05:26.352Z","pid":9864,"hostname":"asterionus","msg":"@signalapp/signal-client decrypted message from [REDACTED]74e.1 with current session state (base key d6bf945e37904cdb80df09df00e07013bf2fcf1d33213490658a0a442e7dec0a) libsignal_protocol::session_cipher rust/protocol/src/session_cipher.rs:409"}
{"level":30,"time":"2021-10-30T05:05:26.353Z","pid":9864,"hostname":"asterionus","msg":"MessageReceiver.decryptAndCacheBatch storing 2 decrypted envelopes, keeping 0 failed envelopes."}
{"level":30,"time":"2021-10-30T05:05:26.353Z","pid":9864,"hostname":"asterionus","msg":"commitZoneChanges(MessageReceiver): pending sessions 1 pending unprocessed 2"}
{"level":30,"time":"2021-10-30T05:05:26.450Z","pid":9864,"hostname":"asterionus","msg":"SignalProtocolStore.leaveZone(decryptAndCacheBatch)"}
{"level":30,"time":"2021-10-30T05:05:26.450Z","pid":9864,"hostname":"asterionus","msg":"MessageReceiver.decryptAndCacheBatch acknowledging receipt"}
{"level":30,"time":"2021-10-30T05:05:26.450Z","pid":9864,"hostname":"asterionus","msg":"queueing decrypted envelope [REDACTED]74e.1 1635570324094 (17f4a137dd2d495f95b9aaa90b347bc1)"}
{"level":30,"time":"2021-10-30T05:05:26.450Z","pid":9864,"hostname":"asterionus","msg":"queueing decrypted envelope [REDACTED]74e.1 1635570324111 (9b84723eb45040f9bedd67600c961206)"}
{"level":30,"time":"2021-10-30T05:05:26.451Z","pid":9864,"hostname":"asterionus","msg":"got sticker pack operation sync message"}
{"level":40,"time":"2021-10-30T05:05:26.453Z","pid":9864,"hostname":"asterionus","msg":"Download for pack [REDACTED]e49 requested, but it does not need re-download. Skipping."}
{"level":30,"time":"2021-10-30T05:05:26.454Z","pid":9864,"hostname":"asterionus","msg":"contact sync"}
{"level":30,"time":"2021-10-30T05:05:26.454Z","pid":9864,"hostname":"asterionus","msg":"GET (REST) https://cdn2.signal.org/attachments/[REDACTED]KV9"}
{"level":30,"time":"2021-10-30T05:05:26.455Z","pid":9864,"hostname":"asterionus","msg":"MessageReceiver.decryptAndCacheBatch fully processed"}
{"level":30,"time":"2021-10-30T05:05:26.509Z","pid":9864,"hostname":"asterionus","msg":"MessageReceiver: got request PUT /api/v1/message"}
{"level":30,"time":"2021-10-30T05:05:26.584Z","pid":9864,"hostname":"asterionus","msg":"MessageReceiver.decryptAndCacheBatch 1"}
{"level":30,"time":"2021-10-30T05:05:26.585Z","pid":9864,"hostname":"asterionus","msg":"withZone(decryptAndCacheBatch:MessageReceiver): locked by GLOBAL_ZONE, waiting"}
{"level":30,"time":"2021-10-30T05:05:26.643Z","pid":9864,"hostname":"asterionus","msg":"GET (REST) https://cdn2.signal.org/attachments/[REDACTED]dGP 200 Success"}
{"level":30,"time":"2021-10-30T05:05:26.645Z","pid":9864,"hostname":"asterionus","msg":"onGroupSyncComplete"}
{"level":30,"time":"2021-10-30T05:05:26.646Z","pid":9864,"hostname":"asterionus","msg":"SocketManager: connected unauthenticated socket"}
{"level":30,"time":"2021-10-30T05:05:26.646Z","pid":9864,"hostname":"asterionus","msg":"SocketManager: starting expiration timer for unauthenticated socket"}
{"level":30,"time":"2021-10-30T05:05:26.650Z","pid":9864,"hostname":"asterionus","msg":"SignalProtocolStore: running blocked 1 jobs in zone decryptAndCacheBatch"}
{"level":30,"time":"2021-10-30T05:05:26.650Z","pid":9864,"hostname":"asterionus","msg":"withZone(decryptAndCacheBatch:MessageReceiver): unlocked after 65ms"}
{"level":30,"time":"2021-10-30T05:05:26.650Z","pid":9864,"hostname":"asterionus","msg":"SignalProtocolStore.enterZone(decryptAndCacheBatch:MessageReceiver)"}
{"level":30,"time":"2021-10-30T05:05:26.650Z","pid":9864,"hostname":"asterionus","msg":"queueing envelope [REDACTED]74e.1 1635570324098 (7c23ca4c910f4e388e989d1fe3cdf3a2)"}
{"level":30,"time":"2021-10-30T05:05:26.651Z","pid":9864,"hostname":"asterionus","msg":"MessageReceiver.decryptEnvelope([REDACTED]74e.1 1635570324098 (7c23ca4c910f4e388e989d1fe3cdf3a2))"}
{"level":30,"time":"2021-10-30T05:05:26.651Z","pid":9864,"hostname":"asterionus","msg":"decrypt/[REDACTED]74e.1 1635570324098 (7c23ca4c910f4e388e989d1fe3cdf3a2): ciphertext message"}
{"level":30,"time":"2021-10-30T05:05:26.651Z","pid":9864,"hostname":"asterionus","msg":"@signalapp/signal-client decrypted message from [REDACTED]74e.1 with current session state (base key d6bf945e37904cdb80df09df00e07013bf2fcf1d33213490658a0a442e7dec0a) libsignal_protocol::session_cipher rust/protocol/src/session_cipher.rs:409"}
{"level":30,"time":"2021-10-30T05:05:26.652Z","pid":9864,"hostname":"asterionus","msg":"MessageReceiver.decryptAndCacheBatch storing 1 decrypted envelopes, keeping 0 failed envelopes."}
{"level":30,"time":"2021-10-30T05:05:26.652Z","pid":9864,"hostname":"asterionus","msg":"commitZoneChanges(MessageReceiver): pending sessions 1 pending unprocessed 1"}
{"level":30,"time":"2021-10-30T05:05:26.684Z","pid":9864,"hostname":"asterionus","msg":"GET (REST) https://cdn2.signal.org/attachments/[REDACTED]KV9 200 Success"}
{"level":30,"time":"2021-10-30T05:05:26.685Z","pid":9864,"hostname":"asterionus","msg":"handleContacts: finished"}
{"level":30,"time":"2021-10-30T05:05:26.699Z","pid":9864,"hostname":"asterionus","msg":"GET (WS) https://chat.signal.org/v1/profile/[REDACTED]6dc/[REDACTED]8aa 200 Success"}
{"level":30,"time":"2021-10-30T05:05:26.700Z","pid":9864,"hostname":"asterionus","msg":"Setting sealedSender to ENABLED for conversation [REDACTED]6dc ([REDACTED]3de)"}
{"level":30,"time":"2021-10-30T05:05:26.701Z","pid":9864,"hostname":"asterionus","msg":"GET (REST) https://cdn.signal.org/[REDACTED]Q9A"}
{"level":30,"time":"2021-10-30T05:05:26.714Z","pid":9864,"hostname":"asterionus","msg":"Got sync message with our own profile key"}
{"level":30,"time":"2021-10-30T05:05:26.714Z","pid":9864,"hostname":"asterionus","msg":"Our profile key service: updating profile key"}
{"level":30,"time":"2021-10-30T05:05:26.720Z","pid":9864,"hostname":"asterionus","msg":"got verified sync for +[REDACTED]628 [REDACTED]74e DEFAULT via contact sync"}
{"level":30,"time":"2021-10-30T05:05:26.722Z","pid":9864,"hostname":"asterionus","msg":"onContactSyncComplete"}
{"level":30,"time":"2021-10-30T05:05:26.761Z","pid":9864,"hostname":"asterionus","msg":"SignalProtocolStore.leaveZone(decryptAndCacheBatch)"}
{"level":30,"time":"2021-10-30T05:05:26.761Z","pid":9864,"hostname":"asterionus","msg":"MessageReceiver.decryptAndCacheBatch acknowledging receipt"}
{"level":30,"time":"2021-10-30T05:05:26.761Z","pid":9864,"hostname":"asterionus","msg":"queueing decrypted envelope [REDACTED]74e.1 1635570324098 (7c23ca4c910f4e388e989d1fe3cdf3a2)"}
{"level":30,"time":"2021-10-30T05:05:26.762Z","pid":9864,"hostname":"asterionus","msg":"got configuration sync message"}
{"level":30,"time":"2021-10-30T05:05:26.762Z","pid":9864,"hostname":"asterionus","msg":"MessageReceiver.decryptAndCacheBatch fully processed"}
{"level":30,"time":"2021-10-30T05:05:26.814Z","pid":9864,"hostname":"asterionus","msg":"MessageReceiver: got request PUT /api/v1/message"}
{"level":30,"time":"2021-10-30T05:05:26.890Z","pid":9864,"hostname":"asterionus","msg":"MessageReceiver.decryptAndCacheBatch 1"}
{"level":30,"time":"2021-10-30T05:05:26.890Z","pid":9864,"hostname":"asterionus","msg":"SignalProtocolStore.enterZone(decryptAndCacheBatch:MessageReceiver)"}
{"level":30,"time":"2021-10-30T05:05:26.890Z","pid":9864,"hostname":"asterionus","msg":"queueing envelope [REDACTED]74e.1 1635570324106 (820e70034fdc4f3ab0e956c8b5f0b687)"}
{"level":30,"time":"2021-10-30T05:05:26.890Z","pid":9864,"hostname":"asterionus","msg":"MessageReceiver.decryptEnvelope([REDACTED]74e.1 1635570324106 (820e70034fdc4f3ab0e956c8b5f0b687))"}
{"level":30,"time":"2021-10-30T05:05:26.891Z","pid":9864,"hostname":"asterionus","msg":"decrypt/[REDACTED]74e.1 1635570324106 (820e70034fdc4f3ab0e956c8b5f0b687): ciphertext message"}
{"level":30,"time":"2021-10-30T05:05:26.891Z","pid":9864,"hostname":"asterionus","msg":"@signalapp/signal-client decrypted message from [REDACTED]74e.1 with current session state (base key d6bf945e37904cdb80df09df00e07013bf2fcf1d33213490658a0a442e7dec0a) libsignal_protocol::session_cipher rust/protocol/src/session_cipher.rs:409"}
{"level":30,"time":"2021-10-30T05:05:26.892Z","pid":9864,"hostname":"asterionus","msg":"MessageReceiver.decryptAndCacheBatch storing 1 decrypted envelopes, keeping 0 failed envelopes."}
{"level":30,"time":"2021-10-30T05:05:26.892Z","pid":9864,"hostname":"asterionus","msg":"commitZoneChanges(MessageReceiver): pending sessions 1 pending unprocessed 1"}
{"level":30,"time":"2021-10-30T05:05:26.954Z","pid":9864,"hostname":"asterionus","msg":"withZone(GLOBAL_ZONE:removeUnprocessed): locked by decryptAndCacheBatch, waiting"}
{"level":30,"time":"2021-10-30T05:05:27.126Z","pid":9864,"hostname":"asterionus","msg":"GET (REST) https://cdn.signal.org/[REDACTED]Q9A 200 Success"}
{"level":30,"time":"2021-10-30T05:05:27.129Z","pid":9864,"hostname":"asterionus","msg":"changedConvoBatcher: deduped 1 into 1"}
{"level":30,"time":"2021-10-30T05:05:28.450Z","pid":9864,"hostname":"asterionus","msg":"SignalProtocolStore.leaveZone(decryptAndCacheBatch)"}
{"level":30,"time":"2021-10-30T05:05:28.450Z","pid":9864,"hostname":"asterionus","msg":"SignalProtocolStore: running blocked 1 jobs in zone GLOBAL_ZONE"}
{"level":30,"time":"2021-10-30T05:05:28.450Z","pid":9864,"hostname":"asterionus","msg":"withZone(GLOBAL_ZONE:removeUnprocessed): unlocked after 1496ms"}
{"level":30,"time":"2021-10-30T05:05:28.450Z","pid":9864,"hostname":"asterionus","msg":"MessageReceiver.decryptAndCacheBatch acknowledging receipt"}
{"level":30,"time":"2021-10-30T05:05:28.451Z","pid":9864,"hostname":"asterionus","msg":"queueing decrypted envelope [REDACTED]74e.1 1635570324106 (820e70034fdc4f3ab0e956c8b5f0b687)"}
{"level":30,"time":"2021-10-30T05:05:28.451Z","pid":9864,"hostname":"asterionus","msg":"Setting these numbers as blocked: []"}
{"level":30,"time":"2021-10-30T05:05:28.600Z","pid":9864,"hostname":"asterionus","msg":"Setting these uuids as blocked: []"}
{"level":30,"time":"2021-10-30T05:05:28.644Z","pid":9864,"hostname":"asterionus","msg":"Setting these groups as blocked: []"}
{"level":30,"time":"2021-10-30T05:05:28.688Z","pid":9864,"hostname":"asterionus","msg":"MessageReceiver.decryptAndCacheBatch fully processed"}
{"level":30,"time":"2021-10-30T05:05:52.540Z","pid":10092,"hostname":"asterionus","msg":"@signalapp/signal-client Initializing libsignal-client version:0.9.5 signal_node::logging rust/bridge/node/src/logging.rs:139"}
{"level":30,"time":"2021-10-30T05:05:52.673Z","pid":9864,"hostname":"asterionus","msg":"src/webrtc/peer_connection_factory.rs:545 PeerConnectionFactory::get_audio_recording_devices(): device_count: 2"}
{"level":30,"time":"2021-10-30T05:05:52.673Z","pid":9864,"hostname":"asterionus","msg":"src/webrtc/peer_connection_factory.rs:396 PeerConnectionFactory::get_audio_playout_devices(): device_count: 2"}
{"level":30,"time":"2021-10-30T05:06:18.602Z","pid":9864,"hostname":"asterionus","msg":"attachment_downloads/_maybeStartJob: no attachment jobs to run"}
{"level":30,"time":"2021-10-30T05:06:21.699Z","pid":9864,"hostname":"asterionus","msg":"WebSocketResources: Sending a keepalive message"}
{"level":30,"time":"2021-10-30T05:06:21.815Z","pid":9864,"hostname":"asterionus","msg":"WebSocketResources: Sending a keepalive message"}
{"level":30,"time":"2021-10-30T05:06:33.621Z","pid":9864,"hostname":"asterionus","msg":"NotificationService: clearing notification and requesting an update"}
{"level":30,"time":"2021-10-30T05:06:34.622Z","pid":9864,"hostname":"asterionus","msg":"NotificationService not updating notifications. Notifications are enabled; app is focused; there is no notification data"}
{"level":30,"time":"2021-10-30T05:06:53.896Z","pid":9864,"hostname":"asterionus","msg":"background/shutdown"}
{"level":30,"time":"2021-10-30T05:06:53.897Z","pid":9864,"hostname":"asterionus","msg":"attachment_downloads/stop: disabling"}
{"level":30,"time":"2021-10-30T05:06:53.897Z","pid":9864,"hostname":"asterionus","msg":"Flushing sql.Client.updateConversationBatcher batcher items.length=0"}
{"level":30,"time":"2021-10-30T05:06:53.897Z","pid":9864,"hostname":"asterionus","msg":"Flushing complete sql.Client.updateConversationBatcher for batcher"}
{"level":30,"time":"2021-10-30T05:06:53.897Z","pid":9864,"hostname":"asterionus","msg":"Flushing messageBatcher.updateMessageBatcher batcher items.length=0"}
{"level":30,"time":"2021-10-30T05:06:53.897Z","pid":9864,"hostname":"asterionus","msg":"Flushing complete messageBatcher.updateMessageBatcher for batcher"}
{"level":30,"time":"2021-10-30T05:06:53.897Z","pid":9864,"hostname":"asterionus","msg":"Flushing Whisper.deliveryReceiptBatcher batcher items.length=0"}
{"level":30,"time":"2021-10-30T05:06:53.897Z","pid":9864,"hostname":"asterionus","msg":"Flushing complete Whisper.deliveryReceiptBatcher for batcher"}
{"level":30,"time":"2021-10-30T05:06:53.897Z","pid":9864,"hostname":"asterionus","msg":"Flushing respondWithProfileKeyBatcher batcher items.length=0"}
{"level":30,"time":"2021-10-30T05:06:53.897Z","pid":9864,"hostname":"asterionus","msg":"Flushing complete respondWithProfileKeyBatcher for batcher"}
{"level":30,"time":"2021-10-30T05:06:53.897Z","pid":9864,"hostname":"asterionus","msg":"Flushing MessageReceiver.decryptAndCacheBatcher batcher items.length=0"}
{"level":30,"time":"2021-10-30T05:06:53.897Z","pid":9864,"hostname":"asterionus","msg":"Flushing complete MessageReceiver.decryptAndCacheBatcher for batcher"}
{"level":30,"time":"2021-10-30T05:06:53.897Z","pid":9864,"hostname":"asterionus","msg":"Flushing MessageReceiver.cacheRemoveBatcher batcher items.length=0"}
{"level":30,"time":"2021-10-30T05:06:53.897Z","pid":9864,"hostname":"asterionus","msg":"Flushing complete MessageReceiver.cacheRemoveBatcher for batcher"}
{"level":30,"time":"2021-10-30T05:06:53.897Z","pid":9864,"hostname":"asterionus","msg":"Flushing changedConvoBatcher batcher items.length=0"}
{"level":30,"time":"2021-10-30T05:06:53.897Z","pid":9864,"hostname":"asterionus","msg":"Flushing complete changedConvoBatcher for batcher"}
{"level":30,"time":"2021-10-30T05:06:53.898Z","pid":9864,"hostname":"asterionus","msg":"Flushing sql.Client.updateConversationBatcher batcher items.length=0"}
{"level":30,"time":"2021-10-30T05:06:53.898Z","pid":9864,"hostname":"asterionus","msg":"Flushing complete sql.Client.updateConversationBatcher for batcher"}
{"level":30,"time":"2021-10-30T05:06:53.898Z","pid":9864,"hostname":"asterionus","msg":"Flushing messageBatcher.updateMessageBatcher batcher items.length=0"}
{"level":30,"time":"2021-10-30T05:06:53.898Z","pid":9864,"hostname":"asterionus","msg":"Flushing complete messageBatcher.updateMessageBatcher for batcher"}
{"level":30,"time":"2021-10-30T05:06:53.898Z","pid":9864,"hostname":"asterionus","msg":"Flushing Whisper.deliveryReceiptBatcher batcher items.length=0"}
{"level":30,"time":"2021-10-30T05:06:53.898Z","pid":9864,"hostname":"asterionus","msg":"Flushing complete Whisper.deliveryReceiptBatcher for batcher"}
{"level":30,"time":"2021-10-30T05:06:53.898Z","pid":9864,"hostname":"asterionus","msg":"Flushing respondWithProfileKeyBatcher batcher items.length=0"}
{"level":30,"time":"2021-10-30T05:06:53.898Z","pid":9864,"hostname":"asterionus","msg":"Flushing complete respondWithProfileKeyBatcher for batcher"}
{"level":30,"time":"2021-10-30T05:06:53.898Z","pid":9864,"hostname":"asterionus","msg":"Flushing MessageReceiver.decryptAndCacheBatcher batcher items.length=0"}
{"level":30,"time":"2021-10-30T05:06:53.898Z","pid":9864,"hostname":"asterionus","msg":"Flushing complete MessageReceiver.decryptAndCacheBatcher for batcher"}
{"level":30,"time":"2021-10-30T05:06:53.898Z","pid":9864,"hostname":"asterionus","msg":"Flushing MessageReceiver.cacheRemoveBatcher batcher items.length=0"}
{"level":30,"time":"2021-10-30T05:06:53.898Z","pid":9864,"hostname":"asterionus","msg":"Flushing complete MessageReceiver.cacheRemoveBatcher for batcher"}
{"level":30,"time":"2021-10-30T05:06:53.898Z","pid":9864,"hostname":"asterionus","msg":"Flushing changedConvoBatcher batcher items.length=0"}
{"level":30,"time":"2021-10-30T05:06:53.898Z","pid":9864,"hostname":"asterionus","msg":"Flushing complete changedConvoBatcher for batcher"}
{"level":30,"time":"2021-10-30T05:06:53.898Z","pid":9864,"hostname":"asterionus","msg":"waitBatcher#waitForAllWaitBatchers"}
{"level":30,"time":"2021-10-30T05:06:53.899Z","pid":9864,"hostname":"asterionus","msg":"data.shutdown: shutdown requested. 0 jobs outstanding"}
{"level":30,"time":"2021-10-30T05:06:55.398Z","pid":9864,"hostname":"asterionus","msg":"NotificationService: clearing notification and updating"}
{"level":30,"time":"2021-10-30T05:06:55.398Z","pid":9864,"hostname":"asterionus","msg":"NotificationService not updating notifications. Notifications are enabled; app is focused; there is no notification data"}
