2021-11-11 17:56:03 Loading main app package /usr/lib/obsidian/obsidian.asar
2021-11-11 17:56:17 Checking for update using Github
2021-11-11 17:56:23 Success.
2021-11-11 17:56:23 Latest version is 0.12.19
2021-11-11 17:56:23 App is up to date.
2021-11-11 18:56:05 Checking for update using Github
2021-11-11 18:56:10 Success.
2021-11-11 18:56:10 Latest version is 0.12.19
2021-11-11 18:56:10 App is up to date.
2021-11-11 19:56:08 Checking for update using Github
2021-11-11 19:56:18 Success.
2021-11-11 19:56:18 Latest version is 0.12.19
2021-11-11 19:56:18 App is up to date.
2021-11-11 20:56:12 Checking for update using Github
2021-11-11 20:56:23 Success.
2021-11-11 20:56:23 Latest version is 0.12.19
2021-11-11 20:56:23 App is up to date.
2021-11-11 21:56:13 Checking for update using Github
2021-11-11 21:56:35 Success.
2021-11-11 21:56:35 Latest version is 0.12.19
2021-11-11 21:56:35 App is up to date.
2021-11-11 23:02:48 Checking for update using Github
2021-11-13 20:40:37 Loading main app package /usr/lib/obsidian/obsidian.asar
2021-11-13 20:40:48 Checking for update using Github
2021-11-13 20:40:48 Success.
2021-11-13 20:40:48 Latest version is 0.12.19
2021-11-13 20:40:48 App is up to date.
